<html>
<body>
<pre>
<h1>Vision2 Build Log</h1>
<h2>Project:</h2>
E:\360云盘\prog\STC8H\播放语音音乐相关程序\02-播放WAV-8K采样率-8bit采样-PT8211(DAC)\play-wave.uv2
Project File Date:  03/07/2017

<h2>Output:</h2>
Build target 'Target 1'
compiling main.c...
MAIN.C(164): error C141: syntax error near ';'
Target not created
Build target 'Target 1'
compiling main.c...
MAIN.C(164): warning C206: 'TM8211_byte': missing function-prototype
MAIN.C(164): error C267: 'TM8211_byte': requires ANSI-style prototype
Target not created
Build target 'Target 1'
compiling main.c...
linking...
*** WARNING L1: UNRESOLVED EXTERNAL SYMBOL
    SYMBOL:  PWM_CONFIG
    MODULE:  main.obj (MAIN)
*** WARNING L2: REFERENCE MADE TO UNRESOLVED EXTERNAL
    SYMBOL:  PWM_CONFIG
    MODULE:  main.obj (MAIN)
    ADDRESS: C972H
Program Size: data=20.1 xdata=0 code=51651
creating hex file from "play-wave"...
"play-wave" - 0 Error(s), 2 Warning(s).
Build target 'Target 1'
compiling main.c...
linking...
Program Size: data=20.1 xdata=0 code=51648
creating hex file from "play-wave"...
"play-wave" - 0 Error(s), 0 Warning(s).
Build target 'Target 1'
compiling main.c...
linking...
Program Size: data=20.1 xdata=0 code=51648
creating hex file from "play-wave"...
"play-wave" - 0 Error(s), 0 Warning(s).
Build target 'Target 1'
compiling main.c...
linking...
Program Size: data=20.1 xdata=0 code=51648
creating hex file from "play-wave"...
"play-wave" - 0 Error(s), 0 Warning(s).
